{"/Users/greggoodrem/Desktop/50projects_starter/milestone_project2/assets/js/script2.js": {"path":"/Users/greggoodrem/Desktop/50projects_starter/milestone_project2/assets/js/script2.js","statementMap":{"0":{"start":{"line":2,"column":16},"end":{"line":2,"column":50}},"1":{"start":{"line":3,"column":20},"end":{"line":3,"column":52}},"2":{"start":{"line":4,"column":22},"end":{"line":4,"column":61}},"3":{"start":{"line":5,"column":21},"end":{"line":5,"column":59}},"4":{"start":{"line":6,"column":17},"end":{"line":6,"column":52}},"5":{"start":{"line":7,"column":19},"end":{"line":7,"column":55}},"6":{"start":{"line":8,"column":13},"end":{"line":8,"column":52}},"7":{"start":{"line":9,"column":16},"end":{"line":9,"column":50}},"8":{"start":{"line":10,"column":15},"end":{"line":10,"column":48}},"9":{"start":{"line":11,"column":16},"end":{"line":11,"column":52}},"10":{"start":{"line":12,"column":17},"end":{"line":12,"column":53}},"11":{"start":{"line":13,"column":17},"end":{"line":13,"column":53}},"12":{"start":{"line":14,"column":17},"end":{"line":14,"column":55}},"13":{"start":{"line":15,"column":15},"end":{"line":15,"column":51}},"14":{"start":{"line":16,"column":16},"end":{"line":16,"column":58}},"15":{"start":{"line":17,"column":16},"end":{"line":17,"column":50}},"16":{"start":{"line":18,"column":22},"end":{"line":18,"column":60}},"17":{"start":{"line":19,"column":27},"end":{"line":19,"column":70}},"18":{"start":{"line":20,"column":25},"end":{"line":20,"column":64}},"19":{"start":{"line":21,"column":24},"end":{"line":21,"column":62}},"20":{"start":{"line":22,"column":21},"end":{"line":22,"column":57}},"21":{"start":{"line":23,"column":26},"end":{"line":23,"column":69}},"22":{"start":{"line":25,"column":18},"end":{"line":25,"column":19}},"23":{"start":{"line":26,"column":19},"end":{"line":26,"column":20}},"24":{"start":{"line":27,"column":16},"end":{"line":27,"column":17}},"25":{"start":{"line":28,"column":18},"end":{"line":28,"column":19}},"26":{"start":{"line":83,"column":0},"end":{"line":92,"column":1}},"27":{"start":{"line":84,"column":4},"end":{"line":90,"column":35}},"28":{"start":{"line":85,"column":8},"end":{"line":85,"column":41}},"29":{"start":{"line":87,"column":8},"end":{"line":87,"column":21}},"30":{"start":{"line":88,"column":8},"end":{"line":88,"column":27}},"31":{"start":{"line":89,"column":8},"end":{"line":89,"column":37}},"32":{"start":{"line":90,"column":5},"end":{"line":90,"column":33}},"33":{"start":{"line":94,"column":0},"end":{"line":100,"column":1}},"34":{"start":{"line":95,"column":4},"end":{"line":98,"column":33}},"35":{"start":{"line":96,"column":8},"end":{"line":96,"column":25}},"36":{"start":{"line":97,"column":8},"end":{"line":97,"column":22}},"37":{"start":{"line":98,"column":8},"end":{"line":98,"column":31}},"38":{"start":{"line":102,"column":0},"end":{"line":116,"column":1}},"39":{"start":{"line":103,"column":4},"end":{"line":115,"column":2}},"40":{"start":{"line":104,"column":26},"end":{"line":104,"column":37}},"41":{"start":{"line":105,"column":14},"end":{"line":105,"column":39}},"42":{"start":{"line":106,"column":14},"end":{"line":106,"column":39}},"43":{"start":{"line":107,"column":19},"end":{"line":107,"column":49}},"44":{"start":{"line":108,"column":4},"end":{"line":108,"column":34}},"45":{"start":{"line":109,"column":4},"end":{"line":109,"column":31}},"46":{"start":{"line":110,"column":4},"end":{"line":110,"column":32}},"47":{"start":{"line":111,"column":4},"end":{"line":111,"column":28}},"48":{"start":{"line":112,"column":4},"end":{"line":112,"column":20}},"49":{"start":{"line":113,"column":4},"end":{"line":113,"column":16}},"50":{"start":{"line":114,"column":4},"end":{"line":114,"column":42}},"51":{"start":{"line":114,"column":21},"end":{"line":114,"column":36}},"52":{"start":{"line":127,"column":23},"end":{"line":127,"column":63}},"53":{"start":{"line":128,"column":4},"end":{"line":128,"column":83}},"54":{"start":{"line":129,"column":4},"end":{"line":129,"column":43}},"55":{"start":{"line":136,"column":19},"end":{"line":136,"column":78}},"56":{"start":{"line":137,"column":4},"end":{"line":137,"column":67}},"57":{"start":{"line":141,"column":4},"end":{"line":144,"column":5}},"58":{"start":{"line":141,"column":18},"end":{"line":141,"column":24}},"59":{"start":{"line":142,"column":11},"end":{"line":144,"column":5}},"60":{"start":{"line":142,"column":25},"end":{"line":142,"column":31}},"61":{"start":{"line":143,"column":12},"end":{"line":143,"column":18}},"62":{"start":{"line":145,"column":19},"end":{"line":145,"column":71}},"63":{"start":{"line":146,"column":4},"end":{"line":146,"column":61}},"64":{"start":{"line":159,"column":4},"end":{"line":159,"column":20}},"65":{"start":{"line":160,"column":4},"end":{"line":160,"column":17}},"66":{"start":{"line":161,"column":4},"end":{"line":161,"column":44}},"67":{"start":{"line":162,"column":4},"end":{"line":162,"column":19}},"68":{"start":{"line":163,"column":4},"end":{"line":163,"column":14}},"69":{"start":{"line":164,"column":4},"end":{"line":164,"column":16}},"70":{"start":{"line":165,"column":15},"end":{"line":165,"column":43}},"71":{"start":{"line":166,"column":4},"end":{"line":166,"column":39}},"72":{"start":{"line":167,"column":4},"end":{"line":167,"column":18}},"73":{"start":{"line":168,"column":4},"end":{"line":168,"column":29}},"74":{"start":{"line":169,"column":4},"end":{"line":169,"column":31}},"75":{"start":{"line":170,"column":4},"end":{"line":170,"column":34}},"76":{"start":{"line":171,"column":4},"end":{"line":171,"column":32}},"77":{"start":{"line":175,"column":4},"end":{"line":175,"column":36}},"78":{"start":{"line":176,"column":4},"end":{"line":176,"column":33}},"79":{"start":{"line":177,"column":4},"end":{"line":178,"column":34}},"80":{"start":{"line":178,"column":8},"end":{"line":178,"column":32}},"81":{"start":{"line":179,"column":4},"end":{"line":179,"column":31}},"82":{"start":{"line":183,"column":4},"end":{"line":183,"column":31}},"83":{"start":{"line":184,"column":4},"end":{"line":184,"column":33}},"84":{"start":{"line":185,"column":4},"end":{"line":185,"column":38}},"85":{"start":{"line":186,"column":4},"end":{"line":186,"column":45}},"86":{"start":{"line":187,"column":4},"end":{"line":187,"column":44}},"87":{"start":{"line":188,"column":4},"end":{"line":188,"column":49}},"88":{"start":{"line":189,"column":4},"end":{"line":189,"column":43}},"89":{"start":{"line":190,"column":4},"end":{"line":190,"column":13}},"90":{"start":{"line":194,"column":4},"end":{"line":194,"column":31}},"91":{"start":{"line":195,"column":4},"end":{"line":195,"column":33}},"92":{"start":{"line":196,"column":4},"end":{"line":196,"column":45}},"93":{"start":{"line":197,"column":4},"end":{"line":197,"column":44}},"94":{"start":{"line":198,"column":4},"end":{"line":198,"column":49}},"95":{"start":{"line":199,"column":4},"end":{"line":199,"column":43}},"96":{"start":{"line":200,"column":4},"end":{"line":200,"column":44}},"97":{"start":{"line":201,"column":4},"end":{"line":201,"column":37}},"98":{"start":{"line":209,"column":4},"end":{"line":209,"column":15}},"99":{"start":{"line":210,"column":4},"end":{"line":210,"column":44}},"100":{"start":{"line":214,"column":4},"end":{"line":223,"column":50}},"101":{"start":{"line":215,"column":25},"end":{"line":215,"column":40}},"102":{"start":{"line":216,"column":8},"end":{"line":223,"column":48}},"103":{"start":{"line":217,"column":12},"end":{"line":223,"column":46}},"104":{"start":{"line":218,"column":16},"end":{"line":218,"column":42}},"105":{"start":{"line":219,"column":16},"end":{"line":219,"column":40}},"106":{"start":{"line":220,"column":19},"end":{"line":223,"column":46}},"107":{"start":{"line":221,"column":16},"end":{"line":221,"column":58}},"108":{"start":{"line":223,"column":16},"end":{"line":223,"column":45}},"109":{"start":{"line":232,"column":4},"end":{"line":232,"column":41}},"110":{"start":{"line":233,"column":4},"end":{"line":233,"column":40}},"111":{"start":{"line":234,"column":4},"end":{"line":234,"column":32}},"112":{"start":{"line":238,"column":4},"end":{"line":238,"column":75}},"113":{"start":{"line":239,"column":4},"end":{"line":239,"column":48}},"114":{"start":{"line":240,"column":4},"end":{"line":240,"column":41}},"115":{"start":{"line":241,"column":4},"end":{"line":241,"column":46}},"116":{"start":{"line":242,"column":4},"end":{"line":242,"column":40}},"117":{"start":{"line":243,"column":4},"end":{"line":243,"column":48}},"118":{"start":{"line":244,"column":4},"end":{"line":244,"column":39}},"119":{"start":{"line":245,"column":4},"end":{"line":245,"column":35}},"120":{"start":{"line":246,"column":4},"end":{"line":246,"column":15}},"121":{"start":{"line":250,"column":4},"end":{"line":250,"column":56}},"122":{"start":{"line":251,"column":4},"end":{"line":252,"column":20}},"123":{"start":{"line":252,"column":8},"end":{"line":252,"column":19}},"124":{"start":{"line":253,"column":28},"end":{"line":253,"column":66}},"125":{"start":{"line":254,"column":4},"end":{"line":254,"column":60}},"126":{"start":{"line":255,"column":4},"end":{"line":255,"column":70}},"127":{"start":{"line":258,"column":0},"end":{"line":258,"column":35}}},"fnMap":{"0":{"name":"(anonymous_0)","decl":{"start":{"line":83,"column":16},"end":{"line":83,"column":17}},"loc":{"start":{"line":83,"column":26},"end":{"line":91,"column":1}},"line":83},"1":{"name":"(anonymous_1)","decl":{"start":{"line":84,"column":37},"end":{"line":84,"column":38}},"loc":{"start":{"line":84,"column":49},"end":{"line":90,"column":34}},"line":84},"2":{"name":"(anonymous_2)","decl":{"start":{"line":94,"column":16},"end":{"line":94,"column":17}},"loc":{"start":{"line":94,"column":26},"end":{"line":99,"column":1}},"line":94},"3":{"name":"(anonymous_3)","decl":{"start":{"line":95,"column":36},"end":{"line":95,"column":37}},"loc":{"start":{"line":95,"column":41},"end":{"line":98,"column":32}},"line":95},"4":{"name":"(anonymous_4)","decl":{"start":{"line":102,"column":21},"end":{"line":102,"column":22}},"loc":{"start":{"line":102,"column":29},"end":{"line":115,"column":3}},"line":102},"5":{"name":"(anonymous_5)","decl":{"start":{"line":103,"column":35},"end":{"line":103,"column":36}},"loc":{"start":{"line":103,"column":48},"end":{"line":115,"column":1}},"line":103},"6":{"name":"(anonymous_6)","decl":{"start":{"line":114,"column":15},"end":{"line":114,"column":16}},"loc":{"start":{"line":114,"column":21},"end":{"line":114,"column":36}},"line":114},"7":{"name":"missedShot","decl":{"start":{"line":119,"column":9},"end":{"line":119,"column":19}},"loc":{"start":{"line":119,"column":21},"end":{"line":122,"column":1}},"line":119},"8":{"name":"newPosition","decl":{"start":{"line":126,"column":9},"end":{"line":126,"column":20}},"loc":{"start":{"line":126,"column":22},"end":{"line":130,"column":1}},"line":126},"9":{"name":"incrementPerfectScore","decl":{"start":{"line":135,"column":9},"end":{"line":135,"column":30}},"loc":{"start":{"line":135,"column":32},"end":{"line":138,"column":1}},"line":135},"10":{"name":"incrementScore","decl":{"start":{"line":140,"column":9},"end":{"line":140,"column":23}},"loc":{"start":{"line":140,"column":26},"end":{"line":147,"column":1}},"line":140},"11":{"name":"runGame","decl":{"start":{"line":158,"column":9},"end":{"line":158,"column":16}},"loc":{"start":{"line":158,"column":19},"end":{"line":172,"column":1}},"line":158},"12":{"name":"resetDOM","decl":{"start":{"line":174,"column":9},"end":{"line":174,"column":17}},"loc":{"start":{"line":174,"column":21},"end":{"line":180,"column":1}},"line":174},"13":{"name":"(anonymous_13)","decl":{"start":{"line":177,"column":17},"end":{"line":177,"column":18}},"loc":{"start":{"line":177,"column":26},"end":{"line":178,"column":33}},"line":177},"14":{"name":"replay","decl":{"start":{"line":182,"column":9},"end":{"line":182,"column":15}},"loc":{"start":{"line":182,"column":17},"end":{"line":191,"column":1}},"line":182},"15":{"name":"instructionStart","decl":{"start":{"line":193,"column":9},"end":{"line":193,"column":25}},"loc":{"start":{"line":193,"column":27},"end":{"line":202,"column":1}},"line":193},"16":{"name":"shotUpdate","decl":{"start":{"line":208,"column":9},"end":{"line":208,"column":19}},"loc":{"start":{"line":208,"column":21},"end":{"line":211,"column":1}},"line":208},"17":{"name":"runAnimation","decl":{"start":{"line":213,"column":9},"end":{"line":213,"column":21}},"loc":{"start":{"line":213,"column":24},"end":{"line":224,"column":1}},"line":213},"18":{"name":"(anonymous_18)","decl":{"start":{"line":214,"column":17},"end":{"line":214,"column":18}},"loc":{"start":{"line":214,"column":30},"end":{"line":223,"column":49}},"line":214},"19":{"name":"(anonymous_19)","decl":{"start":{"line":216,"column":45},"end":{"line":216,"column":46}},"loc":{"start":{"line":216,"column":52},"end":{"line":223,"column":47}},"line":216},"20":{"name":"startScore","decl":{"start":{"line":231,"column":9},"end":{"line":231,"column":19}},"loc":{"start":{"line":231,"column":22},"end":{"line":235,"column":1}},"line":231},"21":{"name":"stopScore","decl":{"start":{"line":237,"column":9},"end":{"line":237,"column":18}},"loc":{"start":{"line":237,"column":22},"end":{"line":247,"column":1}},"line":237},"22":{"name":"allScores","decl":{"start":{"line":249,"column":9},"end":{"line":249,"column":18}},"loc":{"start":{"line":249,"column":21},"end":{"line":256,"column":1}},"line":249}},"branchMap":{"0":{"loc":{"start":{"line":141,"column":4},"end":{"line":144,"column":5}},"type":"if","locations":[{"start":{"line":141,"column":4},"end":{"line":144,"column":5}},{"start":{"line":142,"column":11},"end":{"line":144,"column":5}}],"line":141},"1":{"loc":{"start":{"line":142,"column":11},"end":{"line":144,"column":5}},"type":"if","locations":[{"start":{"line":142,"column":11},"end":{"line":144,"column":5}},{"start":{"line":143,"column":11},"end":{"line":144,"column":5}}],"line":142},"2":{"loc":{"start":{"line":217,"column":12},"end":{"line":223,"column":46}},"type":"if","locations":[{"start":{"line":217,"column":12},"end":{"line":223,"column":46}},{"start":{"line":220,"column":19},"end":{"line":223,"column":46}}],"line":217},"3":{"loc":{"start":{"line":217,"column":15},"end":{"line":217,"column":63}},"type":"binary-expr","locations":[{"start":{"line":217,"column":15},"end":{"line":217,"column":41}},{"start":{"line":217,"column":45},"end":{"line":217,"column":63}}],"line":217},"4":{"loc":{"start":{"line":220,"column":19},"end":{"line":223,"column":46}},"type":"if","locations":[{"start":{"line":220,"column":19},"end":{"line":223,"column":46}},{"start":{"line":222,"column":19},"end":{"line":223,"column":46}}],"line":220},"5":{"loc":{"start":{"line":220,"column":23},"end":{"line":220,"column":76}},"type":"binary-expr","locations":[{"start":{"line":220,"column":23},"end":{"line":220,"column":50}},{"start":{"line":220,"column":54},"end":{"line":220,"column":76}}],"line":220},"6":{"loc":{"start":{"line":251,"column":4},"end":{"line":252,"column":20}},"type":"if","locations":[{"start":{"line":251,"column":4},"end":{"line":252,"column":20}},{"start":{},"end":{}}],"line":251}},"s":{"0":1,"1":1,"2":1,"3":1,"4":1,"5":1,"6":1,"7":1,"8":1,"9":1,"10":1,"11":1,"12":1,"13":1,"14":1,"15":1,"16":1,"17":1,"18":1,"19":1,"20":1,"21":1,"22":1,"23":1,"24":1,"25":1,"26":1,"27":0,"28":0,"29":0,"30":0,"31":0,"32":0,"33":1,"34":0,"35":0,"36":0,"37":0,"38":1,"39":0,"40":0,"41":0,"42":0,"43":0,"44":0,"45":0,"46":0,"47":0,"48":0,"49":0,"50":0,"51":0,"52":0,"53":0,"54":0,"55":0,"56":0,"57":3,"58":1,"59":2,"60":1,"61":1,"62":3,"63":3,"64":0,"65":0,"66":0,"67":0,"68":0,"69":0,"70":0,"71":0,"72":0,"73":0,"74":0,"75":0,"76":0,"77":0,"78":0,"79":0,"80":0,"81":0,"82":0,"83":0,"84":0,"85":0,"86":0,"87":0,"88":0,"89":0,"90":0,"91":0,"92":0,"93":0,"94":0,"95":0,"96":0,"97":0,"98":0,"99":0,"100":0,"101":0,"102":0,"103":0,"104":0,"105":0,"106":0,"107":0,"108":0,"109":0,"110":0,"111":0,"112":0,"113":0,"114":0,"115":0,"116":0,"117":0,"118":0,"119":0,"120":0,"121":0,"122":0,"123":0,"124":0,"125":0,"126":0,"127":1},"f":{"0":0,"1":0,"2":0,"3":0,"4":0,"5":0,"6":0,"7":0,"8":0,"9":0,"10":3,"11":0,"12":0,"13":0,"14":0,"15":0,"16":0,"17":0,"18":0,"19":0,"20":0,"21":0,"22":0},"b":{"0":[1,2],"1":[1,1],"2":[0,0],"3":[0,0],"4":[0,0],"5":[0,0],"6":[0,0]},"_coverageSchema":"1a1c01bbd47fc00a2c39e90264f33305004495a9","hash":"5ee5fe3c33d731423bf109ae3aa0ec61e8d9d3cb"}
}
