TN:
SF:assets/js/script2.js
FN:83,(anonymous_0)
FN:84,(anonymous_1)
FN:94,(anonymous_2)
FN:95,(anonymous_3)
FN:102,(anonymous_4)
FN:103,(anonymous_5)
FN:114,(anonymous_6)
FN:119,missedShot
FN:126,newPosition
FN:135,incrementPerfectScore
FN:140,incrementScore
FN:158,runGame
FN:174,resetDOM
FN:177,(anonymous_13)
FN:182,replay
FN:193,instructionStart
FN:208,shotUpdate
FN:213,runAnimation
FN:214,(anonymous_18)
FN:216,(anonymous_19)
FN:231,startScore
FN:237,stopScore
FN:249,allScores
FNF:23
FNH:1
FNDA:0,(anonymous_0)
FNDA:0,(anonymous_1)
FNDA:0,(anonymous_2)
FNDA:0,(anonymous_3)
FNDA:0,(anonymous_4)
FNDA:0,(anonymous_5)
FNDA:0,(anonymous_6)
FNDA:0,missedShot
FNDA:0,newPosition
FNDA:0,incrementPerfectScore
FNDA:3,incrementScore
FNDA:0,runGame
FNDA:0,resetDOM
FNDA:0,(anonymous_13)
FNDA:0,replay
FNDA:0,instructionStart
FNDA:0,shotUpdate
FNDA:0,runAnimation
FNDA:0,(anonymous_18)
FNDA:0,(anonymous_19)
FNDA:0,startScore
FNDA:0,stopScore
FNDA:0,allScores
DA:2,1
DA:3,1
DA:4,1
DA:5,1
DA:6,1
DA:7,1
DA:8,1
DA:9,1
DA:10,1
DA:11,1
DA:12,1
DA:13,1
DA:14,1
DA:15,1
DA:16,1
DA:17,1
DA:18,1
DA:19,1
DA:20,1
DA:21,1
DA:22,1
DA:23,1
DA:25,1
DA:26,1
DA:27,1
DA:28,1
DA:83,1
DA:84,0
DA:85,0
DA:87,0
DA:88,0
DA:89,0
DA:90,0
DA:94,1
DA:95,0
DA:96,0
DA:97,0
DA:98,0
DA:102,1
DA:103,0
DA:104,0
DA:105,0
DA:106,0
DA:107,0
DA:108,0
DA:109,0
DA:110,0
DA:111,0
DA:112,0
DA:113,0
DA:114,0
DA:127,0
DA:128,0
DA:129,0
DA:136,0
DA:137,0
DA:141,3
DA:142,2
DA:143,1
DA:145,3
DA:146,3
DA:159,0
DA:160,0
DA:161,0
DA:162,0
DA:163,0
DA:164,0
DA:165,0
DA:166,0
DA:167,0
DA:168,0
DA:169,0
DA:170,0
DA:171,0
DA:175,0
DA:176,0
DA:177,0
DA:178,0
DA:179,0
DA:183,0
DA:184,0
DA:185,0
DA:186,0
DA:187,0
DA:188,0
DA:189,0
DA:190,0
DA:194,0
DA:195,0
DA:196,0
DA:197,0
DA:198,0
DA:199,0
DA:200,0
DA:201,0
DA:209,0
DA:210,0
DA:214,0
DA:215,0
DA:216,0
DA:217,0
DA:218,0
DA:219,0
DA:220,0
DA:221,0
DA:223,0
DA:232,0
DA:233,0
DA:234,0
DA:238,0
DA:239,0
DA:240,0
DA:241,0
DA:242,0
DA:243,0
DA:244,0
DA:245,0
DA:246,0
DA:250,0
DA:251,0
DA:252,0
DA:253,0
DA:254,0
DA:255,0
DA:258,1
LF:125
LH:35
BRDA:141,0,0,1
BRDA:141,0,1,2
BRDA:142,1,0,1
BRDA:142,1,1,1
BRDA:217,2,0,0
BRDA:217,2,1,0
BRDA:217,3,0,0
BRDA:217,3,1,0
BRDA:220,4,0,0
BRDA:220,4,1,0
BRDA:220,5,0,0
BRDA:220,5,1,0
BRDA:251,6,0,0
BRDA:251,6,1,0
BRF:14
BRH:4
end_of_record
